Using pre-set license
Built from '2021.3/staging' branch; Version is '2021.3.16f1 (4016570cf34f) revision 4200023'; Using compiler version '192829333'; Build Type 'Release'
OS: 'Windows 10  (10.0.19045) 64bit Professional' Language: 'ru' Physical Memory: 32684 MB
BatchMode: 1, IsHumanControllingUs: 0, StartBugReporterOnCrash: 0, Is64bit: 1, IsPro: 1

COMMAND LINE ARGUMENTS:
C:\Program Files\Unity\Hub\Editor\2021.3.16f1\Editor\Unity.exe
-adb2
-batchMode
-noUpm
-name
AssetImportWorker4
-projectPath
C:/Users/user/Belova_Tatiana_Skillbox-project
-logFile
Logs/AssetImportWorker4.log
-srvPort
61259
Successfully changed project path to: C:/Users/user/Belova_Tatiana_Skillbox-project
C:/Users/user/Belova_Tatiana_Skillbox-project
[UnityMemory] Configuration Parameters - Can be set up in boot.config
    "memorysetup-bucket-allocator-granularity=16"
    "memorysetup-bucket-allocator-bucket-count=8"
    "memorysetup-bucket-allocator-block-size=33554432"
    "memorysetup-bucket-allocator-block-count=8"
    "memorysetup-main-allocator-block-size=16777216"
    "memorysetup-thread-allocator-block-size=16777216"
    "memorysetup-gfx-main-allocator-block-size=16777216"
    "memorysetup-gfx-thread-allocator-block-size=16777216"
    "memorysetup-cache-allocator-block-size=4194304"
    "memorysetup-typetree-allocator-block-size=2097152"
    "memorysetup-profiler-bucket-allocator-granularity=16"
    "memorysetup-profiler-bucket-allocator-bucket-count=8"
    "memorysetup-profiler-bucket-allocator-block-size=33554432"
    "memorysetup-profiler-bucket-allocator-block-count=8"
    "memorysetup-profiler-allocator-block-size=16777216"
    "memorysetup-profiler-editor-allocator-block-size=1048576"
    "memorysetup-temp-allocator-size-main=16777216"
    "memorysetup-job-temp-allocator-block-size=2097152"
    "memorysetup-job-temp-allocator-block-size-background=1048576"
    "memorysetup-job-temp-allocator-reduction-small-platforms=262144"
    "memorysetup-temp-allocator-size-background-worker=32768"
    "memorysetup-temp-allocator-size-job-worker=262144"
    "memorysetup-temp-allocator-size-preload-manager=33554432"
    "memorysetup-temp-allocator-size-nav-mesh-worker=65536"
    "memorysetup-temp-allocator-size-audio-worker=65536"
    "memorysetup-temp-allocator-size-cloud-worker=32768"
    "memorysetup-temp-allocator-size-gi-baking-worker=262144"
    "memorysetup-temp-allocator-size-gfx=262144"
Player connection [5484] Host "[IP] 192.168.0.101 [Port] 0 [Flags] 2 [Guid] 624174557 [EditorId] 624174557 [Version] 1048832 [Id] WindowsEditor(7,DESKTOP-C593F8E) [Debug] 1 [PackageName] WindowsEditor [ProjectName] Editor" joined multi-casting on [225.0.0.222:54997]...

Player connection [5484] Host "[IP] 192.168.0.101 [Port] 0 [Flags] 2 [Guid] 624174557 [EditorId] 624174557 [Version] 1048832 [Id] WindowsEditor(7,DESKTOP-C593F8E) [Debug] 1 [PackageName] WindowsEditor [ProjectName] Editor" joined alternative multi-casting on [225.0.0.222:34997]...

Refreshing native plugins compatible for Editor in 85.95 ms, found 4 plugins.
Preloading 0 native plugins for Editor in 0.00 ms.
Initialize engine version: 2021.3.16f1 (4016570cf34f)
[Subsystems] Discovering subsystems at path C:/Program Files/Unity/Hub/Editor/2021.3.16f1/Editor/Data/Resources/UnitySubsystems
[Subsystems] Discovering subsystems at path C:/Users/user/Belova_Tatiana_Skillbox-project/Assets
GfxDevice: creating device client; threaded=0; jobified=0
Direct3D:
    Version:  Direct3D 11.0 [level 11.1]
    Renderer: NVIDIA GeForce RTX 3070 (ID=0x2488)
    Vendor:   NVIDIA
    VRAM:     8031 MB
    Driver:   31.0.15.3734
Initialize mono
Mono path[0] = 'C:/Program Files/Unity/Hub/Editor/2021.3.16f1/Editor/Data/Managed'
Mono path[1] = 'C:/Program Files/Unity/Hub/Editor/2021.3.16f1/Editor/Data/MonoBleedingEdge/lib/mono/unityjit-win32'
Mono config path = 'C:/Program Files/Unity/Hub/Editor/2021.3.16f1/Editor/Data/MonoBleedingEdge/etc'
Using monoOptions --debugger-agent=transport=dt_socket,embedding=1,server=y,suspend=n,address=127.0.0.1:56152
Begin MonoManager ReloadAssembly
Registering precompiled unity dll's ...
Register platform support module: C:/Program Files/Unity/Hub/Editor/2021.3.16f1/Editor/Data/PlaybackEngines/WindowsStandaloneSupport/UnityEditor.WindowsStandalone.Extensions.dll
Registered in 0.008640 seconds.
Native extension for WindowsStandalone target not found
Refreshing native plugins compatible for Editor in 97.64 ms, found 4 plugins.
Preloading 0 native plugins for Editor in 0.00 ms.
Mono: successfully reloaded assembly
- Completed reload, in  0.616 seconds
Domain Reload Profiling:
	ReloadAssembly (617ms)
		BeginReloadAssembly (68ms)
			ExecutionOrderSort (0ms)
			DisableScriptedObjects (0ms)
			BackupInstance (0ms)
			ReleaseScriptingObjects (0ms)
			CreateAndSetChildDomain (1ms)
		EndReloadAssembly (439ms)
			LoadAssemblies (66ms)
			RebuildTransferFunctionScriptingTraits (0ms)
			SetupTypeCache (91ms)
			ReleaseScriptCaches (0ms)
			RebuildScriptCaches (28ms)
			SetupLoadedEditorAssemblies (271ms)
				LogAssemblyErrors (0ms)
				InitializePlatformSupportModulesInManaged (8ms)
				SetLoadedEditorAssemblies (0ms)
				RefreshPlugins (98ms)
				BeforeProcessingInitializeOnLoad (1ms)
				ProcessInitializeOnLoadAttributes (120ms)
				ProcessInitializeOnLoadMethodAttributes (44ms)
				AfterProcessingInitializeOnLoad (0ms)
				EditorAssembliesLoaded (0ms)
			ExecutionOrderSort2 (0ms)
			AwakeInstancesAfterBackupRestoration (0ms)
Platform modules already initialized, skipping
Registering precompiled user dll's ...
Registered in 0.009062 seconds.
Begin MonoManager ReloadAssembly
Symbol file LoadedFromMemory doesn't match image C:\Users\user\Belova_Tatiana_Skillbox-project\Library\PackageCache\com.unity.visualscripting@1.7.8\Editor\VisualScripting.Core\Dependencies\YamlDotNet\Unity.VisualScripting.YamlDotNet.dll
Symbol file LoadedFromMemory doesn't match image C:\Users\user\Belova_Tatiana_Skillbox-project\Library\PackageCache\com.unity.visualscripting@1.7.8\Editor\VisualScripting.Core\Dependencies\DotNetZip\Unity.VisualScripting.IonicZip.dll
Native extension for WindowsStandalone target not found
Refreshing native plugins compatible for Editor in 86.24 ms, found 4 plugins.
Preloading 0 native plugins for Editor in 0.00 ms.
Mono: successfully reloaded assembly
- Completed reload, in  1.067 seconds
Domain Reload Profiling:
	ReloadAssembly (1068ms)
		BeginReloadAssembly (111ms)
			ExecutionOrderSort (0ms)
			DisableScriptedObjects (6ms)
			BackupInstance (0ms)
			ReleaseScriptingObjects (0ms)
			CreateAndSetChildDomain (23ms)
		EndReloadAssembly (851ms)
			LoadAssemblies (83ms)
			RebuildTransferFunctionScriptingTraits (0ms)
			SetupTypeCache (209ms)
			ReleaseScriptCaches (1ms)
			RebuildScriptCaches (54ms)
			SetupLoadedEditorAssemblies (456ms)
				LogAssemblyErrors (0ms)
				InitializePlatformSupportModulesInManaged (5ms)
				SetLoadedEditorAssemblies (0ms)
				RefreshPlugins (86ms)
				BeforeProcessingInitializeOnLoad (96ms)
				ProcessInitializeOnLoadAttributes (220ms)
				ProcessInitializeOnLoadMethodAttributes (39ms)
				AfterProcessingInitializeOnLoad (9ms)
				EditorAssembliesLoaded (0ms)
			ExecutionOrderSort2 (0ms)
			AwakeInstancesAfterBackupRestoration (5ms)
Platform modules already initialized, skipping
========================================================================
Worker process is ready to serve import requests
Launched and connected shader compiler UnityShaderCompiler.exe after 0.05 seconds
Refreshing native plugins compatible for Editor in 1.19 ms, found 4 plugins.
Preloading 0 native plugins for Editor in 0.00 ms.
Unloading 4045 Unused Serialized files (Serialized files now loaded: 0)
Unloading 44 unused Assets / (229.0 KB). Loaded Objects now: 4495.
Memory consumption went from 150.7 MB to 150.5 MB.
Total: 3.799700 ms (FindLiveObjects: 0.271600 ms CreateObjectMapping: 0.181300 ms MarkObjects: 3.197700 ms  DeleteObjects: 0.148300 ms)

AssetImportParameters requested are different than current active one (requested -> active):
  custom:video-decoder-ogg-theora: a1e56fd34408186e4bbccfd4996cb3dc -> 
  custom:container-muxer-webm: aa71ff27fc2769a1b78a27578f13a17b -> 
  custom:container-demuxer-webm: 4f35f7cbe854078d1ac9338744f61a02 -> 
  custom:video-encoder-webm-vp8: eb34c28f22e8b96e1ab97ce403110664 -> 
  custom:audio-encoder-webm-vorbis: bf7c407c2cedff20999df2af8eb42d56 -> 
  custom:framework-win-MediaFoundation: 216162199b28c13a410421893ffa2e32 -> 
  custom:container-demuxer-ogg: 62fdf1f143b41e24485cea50d1cbac27 -> 
  custom:video-decoder-webm-vp8: 9c59270c3fd7afecdb556c50c9e8de78 -> 
  custom:audio-decoder-ogg-vorbis: bf7c407c2cedff20999df2af8eb42d56 -> 
========================================================================
Received Import Request.
  Time since last request: 40529.135078 seconds.
  path: Assets/Pixel Adventure 1/Assets/Items/Fruits
  artifactKey: Guid(d8c3b8ef4ce4d06449ed14a7e7f164fd) Importer(815301076,1909f56bfc062723c751e8b465ee728b)
Start importing Assets/Pixel Adventure 1/Assets/Items/Fruits using Guid(d8c3b8ef4ce4d06449ed14a7e7f164fd) Importer(815301076,1909f56bfc062723c751e8b465ee728b)  -> (artifact id: '77e59cc0899bab3a01ad5e4b5a5b1c5b') in 0.025945 seconds 
========================================================================
Received Import Request.
  Time since last request: 0.080984 seconds.
  path: Assets/Pixel Adventure 1/Assets/Items/Fruits/Apple.png
  artifactKey: Guid(1ddc9afd21fec77489b1248d18f31b68) Importer(815301076,1909f56bfc062723c751e8b465ee728b)
Start importing Assets/Pixel Adventure 1/Assets/Items/Fruits/Apple.png using Guid(1ddc9afd21fec77489b1248d18f31b68) Importer(815301076,1909f56bfc062723c751e8b465ee728b)  -> (artifact id: '7c28d41675c3397458791db558b2b304') in 0.155853 seconds 
========================================================================
Received Import Request.
  Time since last request: 2.490289 seconds.
  path: Assets/Pixel Adventure 1/Assets/Items/Checkpoints
  artifactKey: Guid(579c5569f698b454d8f2bf35433059ea) Importer(815301076,1909f56bfc062723c751e8b465ee728b)
Start importing Assets/Pixel Adventure 1/Assets/Items/Checkpoints using Guid(579c5569f698b454d8f2bf35433059ea) Importer(815301076,1909f56bfc062723c751e8b465ee728b)  -> (artifact id: '0762138daf7456f889858a4f83e2a87e') in 0.007657 seconds 
========================================================================
Received Import Request.
  Time since last request: 1.239109 seconds.
  path: Assets/Pixel Adventure 1/Assets/Items/Checkpoints/End
  artifactKey: Guid(6992f1c59d329a545aafe0c44bb73a41) Importer(815301076,1909f56bfc062723c751e8b465ee728b)
Start importing Assets/Pixel Adventure 1/Assets/Items/Checkpoints/End using Guid(6992f1c59d329a545aafe0c44bb73a41) Importer(815301076,1909f56bfc062723c751e8b465ee728b)  -> (artifact id: '840cb28b87fa8ff35cf1adb372b5f441') in 0.007472 seconds 
========================================================================
Received Import Request.
  Time since last request: 0.103967 seconds.
  path: Assets/Pixel Adventure 1/Assets/Items/Checkpoints/End/End (Idle).png
  artifactKey: Guid(4668f08864533f24b9b5980d5cc57089) Importer(815301076,1909f56bfc062723c751e8b465ee728b)
Start importing Assets/Pixel Adventure 1/Assets/Items/Checkpoints/End/End (Idle).png using Guid(4668f08864533f24b9b5980d5cc57089) Importer(815301076,1909f56bfc062723c751e8b465ee728b)  -> (artifact id: 'b836c1017fba0227bc329df3e440c978') in 0.030583 seconds 
========================================================================
Received Import Request.
  Time since last request: 9.073756 seconds.
  path: Assets/Pixel Adventure 1/Assets/Main Characters
  artifactKey: Guid(c674b6697fb2a834d9379dc2411ddde1) Importer(815301076,1909f56bfc062723c751e8b465ee728b)
Start importing Assets/Pixel Adventure 1/Assets/Main Characters using Guid(c674b6697fb2a834d9379dc2411ddde1) Importer(815301076,1909f56bfc062723c751e8b465ee728b)  -> (artifact id: 'e810002a1e460a7c5d7a85b7ed7c02af') in 0.007621 seconds 
========================================================================
Received Import Request.
  Time since last request: 0.081093 seconds.
  path: Assets/Pixel Adventure 1/Assets/Main Characters/Appearing (96x96).png
  artifactKey: Guid(3421078018dc3934a8c1ab3b7bf89aa0) Importer(815301076,1909f56bfc062723c751e8b465ee728b)
Start importing Assets/Pixel Adventure 1/Assets/Main Characters/Appearing (96x96).png using Guid(3421078018dc3934a8c1ab3b7bf89aa0) Importer(815301076,1909f56bfc062723c751e8b465ee728b)  -> (artifact id: '1bea6f722a82ec7fc1ee9d9c2602d782') in 0.051877 seconds 
========================================================================
Received Import Request.
  Time since last request: 4.886819 seconds.
  path: Assets/Pixel Adventure 1/Assets/Terrain
  artifactKey: Guid(981bfd6ae2b036145b5cc80be601e4b5) Importer(815301076,1909f56bfc062723c751e8b465ee728b)
Start importing Assets/Pixel Adventure 1/Assets/Terrain using Guid(981bfd6ae2b036145b5cc80be601e4b5) Importer(815301076,1909f56bfc062723c751e8b465ee728b)  -> (artifact id: 'c0bdcb728a3d2fb32188bbc96711e10a') in 0.007782 seconds 
========================================================================
Received Import Request.
  Time since last request: 0.913034 seconds.
  path: Assets/Pixel Adventure 1/Assets/Terrain/Terrain (16x16) 1.png
  artifactKey: Guid(413986c4a668c374d8de72a47621b531) Importer(815301076,1909f56bfc062723c751e8b465ee728b)
Start importing Assets/Pixel Adventure 1/Assets/Terrain/Terrain (16x16) 1.png using Guid(413986c4a668c374d8de72a47621b531) Importer(815301076,1909f56bfc062723c751e8b465ee728b)  -> (artifact id: 'c08519f63c33511e7850898473645c92') in 0.022441 seconds 
========================================================================
Received Import Request.
  Time since last request: 2.220249 seconds.
  path: Assets/Pixel Adventure 1/Assets/Other
  artifactKey: Guid(9b265bbeade4a16468dc117cf3b94dd9) Importer(815301076,1909f56bfc062723c751e8b465ee728b)
Start importing Assets/Pixel Adventure 1/Assets/Other using Guid(9b265bbeade4a16468dc117cf3b94dd9) Importer(815301076,1909f56bfc062723c751e8b465ee728b)  -> (artifact id: 'f3c654232f32b9ce5ed8e5f121dbe1e0') in 0.006574 seconds 
========================================================================
Received Import Request.
  Time since last request: 0.088491 seconds.
  path: Assets/Pixel Adventure 1/Assets/Other/Confetti (16x16).png
  artifactKey: Guid(84e73c5fcbc3d324a9bebf3715abc565) Importer(815301076,1909f56bfc062723c751e8b465ee728b)
Start importing Assets/Pixel Adventure 1/Assets/Other/Confetti (16x16).png using Guid(84e73c5fcbc3d324a9bebf3715abc565) Importer(815301076,1909f56bfc062723c751e8b465ee728b)  -> (artifact id: '427c6a095e98e68ca000782b5070ed38') in 0.023328 seconds 
========================================================================
Received Import Request.
  Time since last request: 3.118366 seconds.
  path: Assets/Pixel Adventure 1/Assets/Traps
  artifactKey: Guid(031922c10d5cf6441a097003bc1e0c72) Importer(815301076,1909f56bfc062723c751e8b465ee728b)
Start importing Assets/Pixel Adventure 1/Assets/Traps using Guid(031922c10d5cf6441a097003bc1e0c72) Importer(815301076,1909f56bfc062723c751e8b465ee728b)  -> (artifact id: 'f9eeab4c14a711a8e8ffd925cdbd93d5') in 0.007879 seconds 
========================================================================
Received Import Request.
  Time since last request: 14.526035 seconds.
  path: Assets/Pixel Adventure 1/Scenes
  artifactKey: Guid(dbc7f956d9ee8744ba00759404b21d27) Importer(815301076,1909f56bfc062723c751e8b465ee728b)
Start importing Assets/Pixel Adventure 1/Scenes using Guid(dbc7f956d9ee8744ba00759404b21d27) Importer(815301076,1909f56bfc062723c751e8b465ee728b)  -> (artifact id: 'ac539c81d70a1a369d4380e2d11780d4') in 0.002276 seconds 
========================================================================
Received Import Request.
  Time since last request: 4.815979 seconds.
  path: Assets/Pixel Adventure 1/Scenes/Demo.unity
  artifactKey: Guid(4aef736c251b75542b38aff7974a00fc) Importer(815301076,1909f56bfc062723c751e8b465ee728b)
Start importing Assets/Pixel Adventure 1/Scenes/Demo.unity using Guid(4aef736c251b75542b38aff7974a00fc) Importer(815301076,1909f56bfc062723c751e8b465ee728b)  -> (artifact id: '2f5b01f914aacc954cb08d0d232ff417') in 0.019203 seconds 
========================================================================
Received Import Request.
  Time since last request: 126.769596 seconds.
  path: Assets/Items/Boxes
  artifactKey: Guid(648ed3ed826419f4c96791acd0d924a3) Importer(815301076,1909f56bfc062723c751e8b465ee728b)
Start importing Assets/Items/Boxes using Guid(648ed3ed826419f4c96791acd0d924a3) Importer(815301076,1909f56bfc062723c751e8b465ee728b)  -> (artifact id: '2cb6a50469c6bfcfe70d2f56da041039') in 0.008103 seconds 
========================================================================
Received Import Request.
  Time since last request: 0.992788 seconds.
  path: Assets/Items/Boxes/Box1
  artifactKey: Guid(7a12092f6ff79404e9e7c4977fd075b9) Importer(815301076,1909f56bfc062723c751e8b465ee728b)
Start importing Assets/Items/Boxes/Box1 using Guid(7a12092f6ff79404e9e7c4977fd075b9) Importer(815301076,1909f56bfc062723c751e8b465ee728b)  -> (artifact id: '7f7c0ec3322e53bf51d58a043255e429') in 0.007181 seconds 
========================================================================
Received Import Request.
  Time since last request: 0.067238 seconds.
  path: Assets/Items/Boxes/Box1/Break (28x24).png
  artifactKey: Guid(79022f0c1a1c5ce42bcba2ca880ef7fe) Importer(815301076,1909f56bfc062723c751e8b465ee728b)
Start importing Assets/Items/Boxes/Box1/Break (28x24).png using Guid(79022f0c1a1c5ce42bcba2ca880ef7fe) Importer(815301076,1909f56bfc062723c751e8b465ee728b)  -> (artifact id: 'cae9339d5818e279575e388632b6f8c5') in 0.030638 seconds 
========================================================================
Received Import Request.
  Time since last request: 0.000022 seconds.
  path: Assets/Items/Boxes/Box1/Idle.png
  artifactKey: Guid(48fd9917466ade44fa9bfd8326fab049) Importer(815301076,1909f56bfc062723c751e8b465ee728b)
Start importing Assets/Items/Boxes/Box1/Idle.png using Guid(48fd9917466ade44fa9bfd8326fab049) Importer(815301076,1909f56bfc062723c751e8b465ee728b)  -> (artifact id: '1660add94cd6284a7381b865ad0ab931') in 0.015472 seconds 
========================================================================
Received Import Request.
  Time since last request: 2.758642 seconds.
  path: Assets/Items/Boxes/Box2
  artifactKey: Guid(2b1556c3e2f80824cad49c069b6f268e) Importer(815301076,1909f56bfc062723c751e8b465ee728b)
Start importing Assets/Items/Boxes/Box2 using Guid(2b1556c3e2f80824cad49c069b6f268e) Importer(815301076,1909f56bfc062723c751e8b465ee728b)  -> (artifact id: 'cee2beb7805189bd616634adc10e9307') in 0.007117 seconds 
========================================================================
Received Import Request.
  Time since last request: 0.071791 seconds.
  path: Assets/Items/Boxes/Box2/Break (28x24).png
  artifactKey: Guid(a766483fddea6b64f827838e089d1970) Importer(815301076,1909f56bfc062723c751e8b465ee728b)
Start importing Assets/Items/Boxes/Box2/Break (28x24).png using Guid(a766483fddea6b64f827838e089d1970) Importer(815301076,1909f56bfc062723c751e8b465ee728b)  -> (artifact id: 'ae00196b60762f75f1a2c9e3f436fd07') in 0.028018 seconds 
========================================================================
Received Import Request.
  Time since last request: 0.000027 seconds.
  path: Assets/Items/Boxes/Box2/Idle.png
  artifactKey: Guid(f7472d29deaa7414abffd38318319096) Importer(815301076,1909f56bfc062723c751e8b465ee728b)
Start importing Assets/Items/Boxes/Box2/Idle.png using Guid(f7472d29deaa7414abffd38318319096) Importer(815301076,1909f56bfc062723c751e8b465ee728b)  -> (artifact id: '61bd24d48949b144f6533f5e89371854') in 0.011106 seconds 
========================================================================
Received Import Request.
  Time since last request: 1.270366 seconds.
  path: Assets/Items/Boxes/Box3
  artifactKey: Guid(1e2fdfdd8b2c59b4db96dd6ccb9d86b2) Importer(815301076,1909f56bfc062723c751e8b465ee728b)
Start importing Assets/Items/Boxes/Box3 using Guid(1e2fdfdd8b2c59b4db96dd6ccb9d86b2) Importer(815301076,1909f56bfc062723c751e8b465ee728b)  -> (artifact id: 'c4d0be6aaeec312cb6ec3d245f353396') in 0.007320 seconds 
========================================================================
Received Import Request.
  Time since last request: 0.127227 seconds.
  path: Assets/Items/Boxes/Box3/Break (28x24).png
  artifactKey: Guid(32cc0ed12a4ceea46a9c541b632a008f) Importer(815301076,1909f56bfc062723c751e8b465ee728b)
Start importing Assets/Items/Boxes/Box3/Break (28x24).png using Guid(32cc0ed12a4ceea46a9c541b632a008f) Importer(815301076,1909f56bfc062723c751e8b465ee728b)  -> (artifact id: 'aec9c58cc579c1b1eeeada12909acec2') in 0.018919 seconds 
========================================================================
Received Import Request.
  Time since last request: 0.000022 seconds.
  path: Assets/Items/Boxes/Box3/Idle.png
  artifactKey: Guid(bcb85d05bbdb8a2468fe865da75a2795) Importer(815301076,1909f56bfc062723c751e8b465ee728b)
Start importing Assets/Items/Boxes/Box3/Idle.png using Guid(bcb85d05bbdb8a2468fe865da75a2795) Importer(815301076,1909f56bfc062723c751e8b465ee728b)  -> (artifact id: '50b9e81a3b5045a97bdc12180bcdcdd5') in 0.013456 seconds 
========================================================================
Received Import Request.
  Time since last request: 9.909536 seconds.
  path: Assets/Traps/Platforms
  artifactKey: Guid(1130458c4f2bec34b80fdf3fc00861b9) Importer(815301076,1909f56bfc062723c751e8b465ee728b)
Start importing Assets/Traps/Platforms using Guid(1130458c4f2bec34b80fdf3fc00861b9) Importer(815301076,1909f56bfc062723c751e8b465ee728b)  -> (artifact id: '403f28934106ad64414fe487d2261308') in 0.006733 seconds 
========================================================================
Received Import Request.
  Time since last request: 0.108264 seconds.
  path: Assets/Traps/Platforms/Brown Off.png
  artifactKey: Guid(2cebb83e3d9b5b247be3eb722143beb7) Importer(815301076,1909f56bfc062723c751e8b465ee728b)
Start importing Assets/Traps/Platforms/Brown Off.png using Guid(2cebb83e3d9b5b247be3eb722143beb7) Importer(815301076,1909f56bfc062723c751e8b465ee728b)  -> (artifact id: '5486fc10f108402d778a55557a20bf4d') in 0.044095 seconds 
========================================================================
Received Import Request.
  Time since last request: 0.000020 seconds.
  path: Assets/Traps/Platforms/Grey On (32x8).png
  artifactKey: Guid(7e73d0165dccc3745b6d9f293e19161c) Importer(815301076,1909f56bfc062723c751e8b465ee728b)
Start importing Assets/Traps/Platforms/Grey On (32x8).png using Guid(7e73d0165dccc3745b6d9f293e19161c) Importer(815301076,1909f56bfc062723c751e8b465ee728b)  -> (artifact id: '8576be80faa47d15c35b6aec465fe77e') in 0.042715 seconds 
========================================================================
Received Import Request.
  Time since last request: 2.523258 seconds.
  path: Assets/Traps/Fire
  artifactKey: Guid(7d7dd00dcc064364db17baea898f60ed) Importer(815301076,1909f56bfc062723c751e8b465ee728b)
Start importing Assets/Traps/Fire using Guid(7d7dd00dcc064364db17baea898f60ed) Importer(815301076,1909f56bfc062723c751e8b465ee728b)  -> (artifact id: 'c3e3a1ba2bce9cc23a0a4646378e2988') in 0.007753 seconds 
========================================================================
Received Import Request.
  Time since last request: 0.087122 seconds.
  path: Assets/Traps/Fire/Hit (16x32).png
  artifactKey: Guid(573c22279c1eb734696548dfba41d021) Importer(815301076,1909f56bfc062723c751e8b465ee728b)
Start importing Assets/Traps/Fire/Hit (16x32).png using Guid(573c22279c1eb734696548dfba41d021) Importer(815301076,1909f56bfc062723c751e8b465ee728b)  -> (artifact id: '77374af37a17c5072bae5ed3048c5bef') in 0.030185 seconds 
========================================================================
Received Import Request.
  Time since last request: 2.148285 seconds.
  path: Assets/Traps/Spiked Ball
  artifactKey: Guid(34f66a7c3ba2abd498670acc3cecc736) Importer(815301076,1909f56bfc062723c751e8b465ee728b)
Start importing Assets/Traps/Spiked Ball using Guid(34f66a7c3ba2abd498670acc3cecc736) Importer(815301076,1909f56bfc062723c751e8b465ee728b)  -> (artifact id: '15fe21083fe66923fdc2a52062e7b1a9') in 0.007831 seconds 
========================================================================
Received Import Request.
  Time since last request: 0.104337 seconds.
  path: Assets/Traps/Spiked Ball/Chain.png
  artifactKey: Guid(8baedcc19bcfee347a8aef42935eac87) Importer(815301076,1909f56bfc062723c751e8b465ee728b)
Start importing Assets/Traps/Spiked Ball/Chain.png using Guid(8baedcc19bcfee347a8aef42935eac87) Importer(815301076,1909f56bfc062723c751e8b465ee728b)  -> (artifact id: '6f82e188f5fe988785c2e3a00785598f') in 0.014305 seconds 
========================================================================
Received Import Request.
  Time since last request: 2.039369 seconds.
  path: Assets/Traps/Trampoline
  artifactKey: Guid(a434aef4a8c764c41a2fd855eeb579df) Importer(815301076,1909f56bfc062723c751e8b465ee728b)
Start importing Assets/Traps/Trampoline using Guid(a434aef4a8c764c41a2fd855eeb579df) Importer(815301076,1909f56bfc062723c751e8b465ee728b)  -> (artifact id: '4accea65bd8ced482095377dadea7e76') in 0.006728 seconds 
========================================================================
Received Import Request.
  Time since last request: 0.110059 seconds.
  path: Assets/Traps/Trampoline/Idle.png
  artifactKey: Guid(82025043983216e4dbc6a6805bc1d02e) Importer(815301076,1909f56bfc062723c751e8b465ee728b)
Start importing Assets/Traps/Trampoline/Idle.png using Guid(82025043983216e4dbc6a6805bc1d02e) Importer(815301076,1909f56bfc062723c751e8b465ee728b)  -> (artifact id: '612e9e76f1a0143c3478b07cfe467cca') in 0.030291 seconds 
========================================================================
Received Import Request.
  Time since last request: 2.613687 seconds.
  path: Assets/Traps/Arrow
  artifactKey: Guid(7234a5d23dcf2f041ade075d25722adf) Importer(815301076,1909f56bfc062723c751e8b465ee728b)
Start importing Assets/Traps/Arrow using Guid(7234a5d23dcf2f041ade075d25722adf) Importer(815301076,1909f56bfc062723c751e8b465ee728b)  -> (artifact id: '45697400834c1a0805bda6248d01e57a') in 0.006848 seconds 
========================================================================
Received Import Request.
  Time since last request: 0.072256 seconds.
  path: Assets/Traps/Arrow/Hit (18x18).png
  artifactKey: Guid(fc834c17a763e0141b0fec5d598e279b) Importer(815301076,1909f56bfc062723c751e8b465ee728b)
Start importing Assets/Traps/Arrow/Hit (18x18).png using Guid(fc834c17a763e0141b0fec5d598e279b) Importer(815301076,1909f56bfc062723c751e8b465ee728b)  -> (artifact id: 'b28bc0035e467a7057c40180f742a037') in 0.040070 seconds 
========================================================================
Received Import Request.
  Time since last request: 37.507421 seconds.
  path: Assets
  artifactKey: Guid(00000000000000001000000000000000) Importer(815301076,1909f56bfc062723c751e8b465ee728b)
Start importing Assets using Guid(00000000000000001000000000000000) Importer(815301076,1909f56bfc062723c751e8b465ee728b)  -> (artifact id: '79842766b460edbeab6a34051e857a80') in 0.007069 seconds 
========================================================================
Received Import Request.
  Time since last request: 27.459736 seconds.
  path: Assets/Scenes/M3Scene.unity
  artifactKey: Guid(f4f03a619c6629a49b4ecdddcf3d4622) Importer(815301076,1909f56bfc062723c751e8b465ee728b)
Start importing Assets/Scenes/M3Scene.unity using Guid(f4f03a619c6629a49b4ecdddcf3d4622) Importer(815301076,1909f56bfc062723c751e8b465ee728b)  -> (artifact id: 'da56745552e14a49221d6b51c77f60f4') in 0.006551 seconds 
========================================================================
Received Import Request.
  Time since last request: 119.364584 seconds.
  path: Assets/Assets/Main Characters/Ninja Frog
  artifactKey: Guid(04d5c6ab2c80a0049a258594f321bde4) Importer(815301076,1909f56bfc062723c751e8b465ee728b)
Start importing Assets/Assets/Main Characters/Ninja Frog using Guid(04d5c6ab2c80a0049a258594f321bde4) Importer(815301076,1909f56bfc062723c751e8b465ee728b)  -> (artifact id: '36f7d32f4836d1cfb64a261c5db12f0b') in 0.007581 seconds 
========================================================================
Received Import Request.
  Time since last request: 0.065318 seconds.
  path: Assets/Assets/Main Characters/Ninja Frog/Double Jump (32x32).png
  artifactKey: Guid(4099f676255555240b5240f897805dce) Importer(815301076,1909f56bfc062723c751e8b465ee728b)
Start importing Assets/Assets/Main Characters/Ninja Frog/Double Jump (32x32).png using Guid(4099f676255555240b5240f897805dce) Importer(815301076,1909f56bfc062723c751e8b465ee728b)  -> (artifact id: '4910caed5fe281c5fa8fc674a83e6201') in 0.046985 seconds 
========================================================================
Received Import Request.
  Time since last request: 0.000030 seconds.
  path: Assets/Assets/Main Characters/Ninja Frog/Jump (32x32).png
  artifactKey: Guid(4872bd1108769a946a6acb68dc156fcf) Importer(815301076,1909f56bfc062723c751e8b465ee728b)
Start importing Assets/Assets/Main Characters/Ninja Frog/Jump (32x32).png using Guid(4872bd1108769a946a6acb68dc156fcf) Importer(815301076,1909f56bfc062723c751e8b465ee728b)  -> (artifact id: '591ca1048cc2e63a070bf69c9f164332') in 0.025301 seconds 
========================================================================
Received Import Request.
  Time since last request: 0.000030 seconds.
  path: Assets/Assets/Main Characters/Ninja Frog/Wall Jump (32x32).png
  artifactKey: Guid(3b332af1e6c55e94f8e5eb08fb4ab06b) Importer(815301076,1909f56bfc062723c751e8b465ee728b)
Start importing Assets/Assets/Main Characters/Ninja Frog/Wall Jump (32x32).png using Guid(3b332af1e6c55e94f8e5eb08fb4ab06b) Importer(815301076,1909f56bfc062723c751e8b465ee728b)  -> (artifact id: '51064f271ce15f0ba497b78cdde9da48') in 0.042630 seconds 
========================================================================
Received Import Request.
  Time since last request: 0.000026 seconds.
  path: Assets/Assets/Main Characters/Ninja Frog/Hit (32x32).png
  artifactKey: Guid(18a451ae5d817e04bbf3101eaed9466e) Importer(815301076,1909f56bfc062723c751e8b465ee728b)
Start importing Assets/Assets/Main Characters/Ninja Frog/Hit (32x32).png using Guid(18a451ae5d817e04bbf3101eaed9466e) Importer(815301076,1909f56bfc062723c751e8b465ee728b)  -> (artifact id: '52b1a4d049d8bb806dd6264712824356') in 0.045959 seconds 
Editor requested this worker to shutdown with reason: Scaling down because of idle timeout
AssetImportWorker is now disconnected from the server
Process exiting
Exiting without the bug reporter. Application will terminate with return code 0